::1 - - [04/Nov/2019:12:21:58 +0000] "POST /api/admin/register HTTP/1.1" 200 42
::1 - - [04/Nov/2019:12:22:22 +0000] "POST /api/admin/login HTTP/1.1" 200 457
::1 - - [04/Nov/2019:12:22:31 +0000] "GET /api/courses HTTP/1.1" 304 -
::1 - - [04/Nov/2019:12:23:12 +0000] "GET /api/courses HTTP/1.1" 304 -
::1 - - [04/Nov/2019:12:25:01 +0000] "POST /api/courses HTTP/1.1" 200 29
::1 - - [04/Nov/2019:12:25:01 +0000] "GET /api/courses HTTP/1.1" 200 1818
::1 - - [04/Nov/2019:12:25:12 +0000] "GET /api/courses HTTP/1.1" 304 -
::1 - - [04/Nov/2019:12:25:46 +0000] "GET /api/courses HTTP/1.1" 304 -
::1 - - [04/Nov/2019:12:25:53 +0000] "GET /api/courses/5dc0189d2600ff2a80d541ca HTTP/1.1" 200 134
::1 - - [04/Nov/2019:12:26:01 +0000] "PUT /api/courses/5dc0189d2600ff2a80d541ca HTTP/1.1" 200 28
::1 - - [04/Nov/2019:12:26:01 +0000] "GET /api/courses HTTP/1.1" 200 1818
::1 - - [04/Nov/2019:12:26:07 +0000] "GET /api/users HTTP/1.1" 304 -
::1 - - [04/Nov/2019:12:26:24 +0000] "GET /api/users HTTP/1.1" 304 -
::1 - - [04/Nov/2019:12:27:03 +0000] "GET /api/courses HTTP/1.1" 304 -
::1 - - [04/Nov/2019:12:27:27 +0000] "GET /api/users HTTP/1.1" 304 -
::1 - - [04/Nov/2019:12:27:27 +0000] "GET /api/users HTTP/1.1" 304 -
::1 - - [04/Nov/2019:12:27:27 +0000] "GET /api/users HTTP/1.1" 304 -
::1 - - [04/Nov/2019:12:27:27 +0000] "GET /api/users HTTP/1.1" 304 -
::1 - - [04/Nov/2019:12:27:29 +0000] "GET /api/users HTTP/1.1" 304 -
::1 - - [04/Nov/2019:12:27:31 +0000] "GET /api/users HTTP/1.1" 304 -
::1 - - [04/Nov/2019:12:27:31 +0000] "GET /api/users HTTP/1.1" 304 -
::1 - - [04/Nov/2019:12:27:32 +0000] "GET /api/users HTTP/1.1" 304 -
::1 - - [04/Nov/2019:12:27:32 +0000] "GET /api/users HTTP/1.1" 304 -
::1 - - [04/Nov/2019:12:27:32 +0000] "GET /api/users HTTP/1.1" 304 -
::1 - - [04/Nov/2019:12:27:32 +0000] "GET /api/users HTTP/1.1" 304 -
::1 - - [04/Nov/2019:12:27:32 +0000] "GET /api/users HTTP/1.1" 304 -
::1 - - [04/Nov/2019:12:27:42 +0000] "GET /api/users HTTP/1.1" 304 -
::1 - - [04/Nov/2019:12:27:44 +0000] "GET /api/users HTTP/1.1" 304 -
::1 - - [04/Nov/2019:12:27:44 +0000] "GET /api/users HTTP/1.1" 304 -
::1 - - [04/Nov/2019:12:27:44 +0000] "GET /api/users HTTP/1.1" 304 -
::1 - - [04/Nov/2019:12:27:44 +0000] "GET /api/users HTTP/1.1" 304 -
::1 - - [04/Nov/2019:12:27:44 +0000] "GET /api/users HTTP/1.1" 304 -
::1 - - [04/Nov/2019:12:27:45 +0000] "GET /api/users HTTP/1.1" 304 -
::1 - - [04/Nov/2019:12:27:45 +0000] "GET /api/users HTTP/1.1" 304 -
::1 - - [04/Nov/2019:12:27:46 +0000] "GET /api/users HTTP/1.1" 304 -
::1 - - [04/Nov/2019:12:27:46 +0000] "GET /api/users HTTP/1.1" 304 -
::1 - - [04/Nov/2019:12:27:47 +0000] "GET /api/users HTTP/1.1" 304 -
::1 - - [04/Nov/2019:12:27:47 +0000] "GET /api/users HTTP/1.1" 304 -
::1 - - [04/Nov/2019:12:27:47 +0000] "GET /api/users HTTP/1.1" 304 -
::1 - - [04/Nov/2019:12:27:47 +0000] "GET /api/users HTTP/1.1" 304 -
::1 - - [04/Nov/2019:12:27:48 +0000] "GET /api/users HTTP/1.1" 304 -
::1 - - [04/Nov/2019:12:27:48 +0000] "GET /api/users HTTP/1.1" 304 -
::1 - - [04/Nov/2019:12:27:48 +0000] "GET /api/users HTTP/1.1" 304 -
::1 - - [04/Nov/2019:12:28:05 +0000] "POST /api/users HTTP/1.1" 200 42
::1 - - [04/Nov/2019:12:28:05 +0000] "GET /api/users HTTP/1.1" 200 2473
::1 - - [04/Nov/2019:12:28:09 +0000] "GET /api/users/5dbffd163756cf214c85f956 HTTP/1.1" 304 -
::1 - - [04/Nov/2019:12:28:09 +0000] "GET /api/users/5dbffcd23756cf214c85f952 HTTP/1.1" 304 -
::1 - - [04/Nov/2019:12:28:10 +0000] "GET /api/users/5dbffcd23756cf214c85f952 HTTP/1.1" 304 -
::1 - - [04/Nov/2019:12:28:19 +0000] "GET /api/users/5dbffd163756cf214c85f956 HTTP/1.1" 304 -
::1 - - [04/Nov/2019:12:28:19 +0000] "GET /api/users/5dbffd163756cf214c85f956 HTTP/1.1" 304 -
::1 - - [04/Nov/2019:12:28:32 +0000] "DELETE /api/users/5dbffd163756cf214c85f956/courses/5dbffc0f3756cf214c85f94f HTTP/1.1" 200 714
::1 - - [04/Nov/2019:12:28:35 +0000] "DELETE /api/users/5dbffd163756cf214c85f956/courses/5dbffbcb3756cf214c85f94e HTTP/1.1" 200 571
::1 - - [04/Nov/2019:12:28:39 +0000] "GET /api/users HTTP/1.1" 200 2188
::1 - - [04/Nov/2019:12:28:39 +0000] "GET /api/users/5dbffd163756cf214c85f956 HTTP/1.1" 200 786
::1 - - [04/Nov/2019:12:28:40 +0000] "GET /api/users/5dbffd163756cf214c85f956 HTTP/1.1" 304 -
::1 - - [04/Nov/2019:12:28:40 +0000] "GET /api/users/5dbffd163756cf214c85f956 HTTP/1.1" 304 -
::1 - - [04/Nov/2019:12:28:45 +0000] "GET /api/users/5dc019552600ff2a80d541cb HTTP/1.1" 200 362
::1 - - [04/Nov/2019:12:28:45 +0000] "GET /api/courses HTTP/1.1" 304 -
::1 - - [04/Nov/2019:12:29:00 +0000] "PUT /api/users/update/5dc019552600ff2a80d541cb HTTP/1.1" 200 26
::1 - - [04/Nov/2019:12:29:00 +0000] "GET /api/users HTTP/1.1" 200 2617
::1 - - [04/Nov/2019:12:29:02 +0000] "GET /api/users/5dc019552600ff2a80d541cb HTTP/1.1" 200 791
::1 - - [04/Nov/2019:12:29:02 +0000] "GET /api/users/5dc019552600ff2a80d541cb HTTP/1.1" 304 -
::1 - - [04/Nov/2019:12:29:13 +0000] "GET /api/users/5dbffcd23756cf214c85f952 HTTP/1.1" 304 -
::1 - - [04/Nov/2019:12:29:13 +0000] "GET /api/users/5dbffd163756cf214c85f956 HTTP/1.1" 304 -
::1 - - [04/Nov/2019:12:29:26 +0000] "POST /api/userlogin/login HTTP/1.1" 200 1947
